<?xml version="1.0" encoding="UTF-8"?>
<testsuite xmlns:xsi="http://www.w3.org/2001/XMLSchema-instance" xsi:noNamespaceSchemaLocation="https://maven.apache.org/surefire/maven-surefire-plugin/xsd/surefire-test-report.xsd" version="3.0.2" name="com.giftshop.BackendApplicationTests" time="3.563" tests="1" errors="0" skipped="0" failures="0" flakes="0">
  <properties>
[...]
</properties>
  <testcase name="contextLoads" classname="com.giftshop.BackendApplicationTests" time="0.74">
    <system-out><![CDATA[23:05:44.179 [main] INFO org.springframework.test.context.support.AnnotationConfigContextLoaderUtils -- Could not detect default configuration classes for test class [com.giftshop.BackendApplicationTests]: BackendApplicationTests does not declare any static, non-private, non-final, nested classes annotated with @Configuration.
23:05:44.300 [main] INFO org.springframework.boot.test.context.SpringBootTestContextBootstrapper -- Found @SpringBootConfiguration com.giftshop.GiftShopApplication for test class com.giftshop.BackendApplicationTests

  .   ____          _            __ _ _
 /\\ / ___'_ __ _ _(_)_ __  __ _ \ \ \ \
( ( )\___ | '_ | '_| | '_ \/ _` | \ \ \ \
 \\/  ___)| |_)| | | | | || (_| |  ) ) ) )
  '  |____| .__|_| |_|_| |_\__, | / / / /
 =========|_|==============|___/=/_/_/_/

 :: Spring Boot ::               (v3.5.14)

2026-06-06T23:05:44.865+07:00  INFO 27560 --- [backend] [           main] com.giftshop.BackendApplicationTests     : Starting BackendApplicationTests using Java 24.0.1 with PID 27560 (started by PHUOC in D:\UTE\Object Oriented Software Engineering\FinalProject\Gifts-Shop\backend)
2026-06-06T23:05:44.866+07:00  INFO 27560 --- [backend] [           main] com.giftshop.BackendApplicationTests     : No active profile set, falling back to 1 default profile: "default"
2026-06-06T23:05:46.599+07:00  WARN 27560 --- [backend] [           main] .s.s.UserDetailsServiceAutoConfiguration : 

Using generated security password: 60a8fe0d-89db-44de-9367-57781229df4d

This generated password is for development use only. Your security configuration must be updated before running your application in production.

2026-06-06T23:05:46.609+07:00  INFO 27560 --- [backend] [           main] r$InitializeUserDetailsManagerConfigurer : Global AuthenticationManager configured with UserDetailsService bean with name inMemoryUserDetailsManager
2026-06-06T23:05:46.800+07:00  INFO 27560 --- [backend] [           main] com.giftshop.BackendApplicationTests     : Started BackendApplicationTests in 2.322 seconds (process running for 3.316)
]]></system-out>
    <system-err><![CDATA[Mockito is currently self-attaching to enable the inline-mock-maker. This will no longer work in future releases of the JDK. Please add Mockito as an agent to your build as described in Mockito's documentation: https://javadoc.io/doc/org.mockito/mockito-core/latest/org.mockito/org/mockito/Mockito.html#0.3
WARNING: A Java agent has been loaded dynamically (C:\Users\PHUOC\.m2\repository\net\bytebuddy\byte-buddy-agent\1.17.8\byte-buddy-agent-1.17.8.jar)
WARNING: If a serviceability tool is in use, please run with -XX:+EnableDynamicAgentLoading to hide this warning
WARNING: If a serviceability tool is not in use, please run with -Djdk.instrument.traceUsage for more information
WARNING: Dynamic loading of agents will be disallowed by default in a future release
]]></system-err>
  </testcase>
</testsuite>